"../../../../../../Users/GWD_00/Documents/GitHub/FinalAlphaBuild/Content/Animations/AlterAnims/Main_Character_Texture_Base_1024.uasset" 0
"../../../../../../Users/GWD_00/Documents/GitHub/FinalAlphaBuild/Content/Animations/AlterAnims/lambert3.uasset" 1
"../../../../../../Users/GWD_00/Documents/GitHub/FinalAlphaBuild/Content/Meshes/AlterMC/Main_Character_001_Skeleton.uasset" 2
"../../../../../../Users/GWD_00/Documents/GitHub/FinalAlphaBuild/Content/Animations/AlterAnims/Main_character_sheld_bigBlock.uasset" 3
"../../../../../../Users/GWD_00/Documents/GitHub/FinalAlphaBuild/Content/Animations/AlterAnims/Main_character_sheld_uperbody_movement.uasset" 4
"../../../../../../Users/GWD_00/Documents/GitHub/FinalAlphaBuild/Content/Meshes/Enemeis/Enemi_Large_001_Skeleton.uasset" 5
"../../../../../../Users/GWD_00/Documents/GitHub/FinalAlphaBuild/Content/Animations/Enemies/BigLad/big_enemi_animation_idle_02.uasset" 6
"../../../../../../Users/GWD_00/Documents/GitHub/FinalAlphaBuild/Content/Animations/Enemies/BigLad/big_enemi_animation_second_attack.uasset" 7
"../../../../../../Users/GWD_00/Documents/GitHub/FinalAlphaBuild/Content/Animations/Enemies/BigLad/IdleCharge_BlendSpace.uasset" 8
"../../../../../../Users/GWD_00/Documents/GitHub/FinalAlphaBuild/Content/Meshes/Main/Ch49_nonPBR_Skeleton.uasset" 9
"../../../../../../Users/GWD_00/Documents/GitHub/FinalAlphaBuild/Content/Animations/Main/Attack_1.uasset" 10
"../../../../../../Users/GWD_00/Documents/GitHub/FinalAlphaBuild/Content/Animations/Main/Falling_Forward_Death.uasset" 11
"../../../../../../Users/GWD_00/Documents/GitHub/FinalAlphaBuild/Content/Animations/Main/Standing_Melee_Attack_360_High.uasset" 12
"../../../../../../Users/GWD_00/Documents/GitHub/FinalAlphaBuild/Content/Animations/Main/CombatMontage.uasset" 13
"../../../../../../Users/GWD_00/Documents/GitHub/FinalAlphaBuild/Content/Animations/Main/Great_Sword_Run.uasset" 14
"../../../../../../Users/GWD_00/Documents/GitHub/FinalAlphaBuild/Content/Animations/Main/Hard_Landing.uasset" 15
"../../../../../../Users/GWD_00/Documents/GitHub/FinalAlphaBuild/Content/Menus/HUD/Basic.uasset" 16
"../../../../../../Users/GWD_00/Documents/GitHub/FinalAlphaBuild/Content/Menus/HUD/Basic_Bar.uasset" 17
"../../../../../../Users/GWD_00/Documents/GitHub/FinalAlphaBuild/Content/Menus/HUD/Berserk_Bar.uasset" 18
"../../../../../../Users/GWD_00/Documents/GitHub/FinalAlphaBuild/Content/Animations/Main/Falling_Idle.uasset" 19
"../../../../../../Users/GWD_00/Documents/GitHub/FinalAlphaBuild/Content/Animations/Main/Idle.uasset" 20
"../../../../../../Users/GWD_00/Documents/GitHub/FinalAlphaBuild/Content/Animations/Main/Jumping_Down.uasset" 21
"../../../../../../Users/GWD_00/Documents/GitHub/FinalAlphaBuild/Content/Animations/Main/Standing_Idle_Looking_Ver__1.uasset" 22
"../../../../../../Users/GWD_00/Documents/GitHub/FinalAlphaBuild/Content/Animations/Main/Sword_And_Shield_Run.uasset" 23
"../../../../../../Users/GWD_00/Documents/GitHub/FinalAlphaBuild/Content/Animations/Main/ArmedIdleRunBlendSpace.uasset" 24
"../../../../../../Users/GWD_00/Documents/GitHub/FinalAlphaBuild/Content/Animations/Main/Running.uasset" 25
"../../../../../../Users/GWD_00/Documents/GitHub/FinalAlphaBuild/Content/Animations/Main/IdleRun_BlendSpace.uasset" 26
"../../../Engine/Content/EditorBlueprintResources/StandardMacros.uasset" 27
"../../../../../../Users/GWD_00/Documents/GitHub/FinalAlphaBuild/Content/Animations/Main/MainAniminstance_BP.uasset" 28
"../../../../../../Users/GWD_00/Documents/GitHub/FinalAlphaBuild/Content/Animations/AlterAnims/dash_without_knif_02.uasset" 29
"../../../../../../Users/GWD_00/Documents/GitHub/FinalAlphaBuild/Content/Animations/AlterAnims/idle_without_knif_Anim.uasset" 30
"../../../../../../Users/GWD_00/Documents/GitHub/FinalAlphaBuild/Content/Animations/AlterAnims/jogging_without_knif_Anim.uasset" 31
"../../../../../../Users/GWD_00/Documents/GitHub/FinalAlphaBuild/Content/Animations/AlterAnims/IdleRunBlendSpace.uasset" 32
"../../../../../../Users/GWD_00/Documents/GitHub/FinalAlphaBuild/Content/Animations/AlterAnims/AlterAnimBlueprint_BP.uasset" 33
"../../../../../../Users/GWD_00/Documents/GitHub/FinalAlphaBuild/Content/Animations/AlterAnims/ain_character_slash_attack.uasset" 34
"../../../../../../Users/GWD_00/Documents/GitHub/FinalAlphaBuild/Content/Animations/AlterAnims/Main_Character_dash_with_attack.uasset" 35
"../../../../../../Users/GWD_00/Documents/GitHub/FinalAlphaBuild/Content/Animations/AlterAnims/Main_Character_death.uasset" 36
"../../../../../../Users/GWD_00/Documents/GitHub/FinalAlphaBuild/Content/Animations/AlterAnims/Main_Character_finalstab.uasset" 37
"../../../../../../Users/GWD_00/Documents/GitHub/FinalAlphaBuild/Content/Animations/AlterAnims/Main_Character_havyAttack.uasset" 38
"../../../../../../Users/GWD_00/Documents/GitHub/FinalAlphaBuild/Content/Animations/AlterAnims/Main_character_sheld_idle_stand_still.uasset" 39
"../../../../../../Users/GWD_00/Documents/GitHub/FinalAlphaBuild/Content/Animations/AlterAnims/AlterMontage.uasset" 40
"../../../../../../Users/GWD_00/Documents/GitHub/FinalAlphaBuild/Content/Meshes/Weapon/Shield/Shield_Bump_512.uasset" 41
"../../../../../../Users/GWD_00/Documents/GitHub/FinalAlphaBuild/Content/Meshes/Weapon/Shield/Shield_Textured_512.uasset" 42
"../../../../../../Users/GWD_00/Documents/GitHub/FinalAlphaBuild/Content/Meshes/Weapon/Shield/Shield_blinn.uasset" 43
"../../../../../../Users/GWD_00/Documents/GitHub/FinalAlphaBuild/Content/Meshes/Weapon/Shield/Shield_03_Skeleton.uasset" 44
"../../../../../../Users/GWD_00/Documents/GitHub/FinalAlphaBuild/Content/Meshes/Weapon/Shield/Shield_03.uasset" 45
"../../../../../../Users/GWD_00/Documents/GitHub/FinalAlphaBuild/Content/Blueprints/Shield_BP.uasset" 46
"../../../../../../Users/GWD_00/Documents/GitHub/FinalAlphaBuild/Content/Meshes/Weapon/knife/Knife_Handle_Textured_512.uasset" 47
"../../../../../../Users/GWD_00/Documents/GitHub/FinalAlphaBuild/Content/Meshes/Weapon/knife/Knife_Hnade_lambert.uasset" 48
"../../../../../../Users/GWD_00/Documents/GitHub/FinalAlphaBuild/Content/Meshes/Weapon/knife/Knife_Textured_512.uasset" 49
"../../../../../../Users/GWD_00/Documents/GitHub/FinalAlphaBuild/Content/Meshes/Weapon/knife/Knife_Blade_blinn.uasset" 50
"../../../../../../Users/GWD_00/Documents/GitHub/FinalAlphaBuild/Content/Meshes/Weapon/knife/EmissionBlade.uasset" 51
"../../../../../../Users/GWD_00/Documents/GitHub/FinalAlphaBuild/Content/Meshes/Weapon/Sword/Knife_03_Skeleton.uasset" 52
"../../../../../../Users/GWD_00/Documents/GitHub/FinalAlphaBuild/Content/Meshes/Weapon/knife/Small_knife.uasset" 53
"../../../../../../Users/GWD_00/Documents/GitHub/FinalAlphaBuild/Content/Meshes/Weapon/Sword/Knife_Handle_Textured_512.uasset" 54
"../../../../../../Users/GWD_00/Documents/GitHub/FinalAlphaBuild/Content/Meshes/Weapon/Sword/Knife_Hnade_lambert.uasset" 55
"../../../../../../Users/GWD_00/Documents/GitHub/FinalAlphaBuild/Content/Meshes/Weapon/Sword/Knife_03_PhysicsAsset.uasset" 56
"../../../../../../Users/GWD_00/Documents/GitHub/FinalAlphaBuild/Content/Meshes/Weapon/Sword/Knife_03.uasset" 57
"../../../../../../Users/GWD_00/Documents/GitHub/FinalAlphaBuild/Content/Blueprints/Weapon_BP.uasset" 58
"../../../../../../Users/GWD_00/Documents/GitHub/FinalAlphaBuild/Content/Menus/HUD/Bar_Outline.uasset" 59
"../../../../../../Users/GWD_00/Documents/GitHub/FinalAlphaBuild/Content/Menus/HUD/Berserk.uasset" 60
"../../../../../../Users/GWD_00/Documents/GitHub/FinalAlphaBuild/Content/Menus/HUD/Health_Fill.uasset" 61
"../../../../../../Users/GWD_00/Documents/GitHub/FinalAlphaBuild/Content/Menus/HUD/Fury_Widget.uasset" 62
"../../../../../../Users/GWD_00/Documents/GitHub/FinalAlphaBuild/Content/Menus/HUD/Tank.uasset" 63
"../../../../../../Users/GWD_00/Documents/GitHub/FinalAlphaBuild/Content/Menus/HUD/Tank_Widget.uasset" 64
"../../../../../../Users/GWD_00/Documents/GitHub/FinalAlphaBuild/Content/Meshes/AlterMC/Main_Character_Texture_Base_Dash_1024.uasset" 65
"../../../../../../Users/GWD_00/Documents/GitHub/FinalAlphaBuild/Content/Meshes/AlterMC/Character_Dash_lambert.uasset" 66
"../../../../../../Users/GWD_00/Documents/GitHub/FinalAlphaBuild/Content/Meshes/AlterMC/Main_Character_Dash_001_PhysicsAsset.uasset" 67
"../../../../../../Users/GWD_00/Documents/GitHub/FinalAlphaBuild/Content/Meshes/AlterMC/Main_Character_Dash_001.uasset" 68
"../../../../../../Users/GWD_00/Documents/GitHub/FinalAlphaBuild/Content/Meshes/AlterMC/Main_Character_Texture_Base_Fury_1024.uasset" 69
"../../../../../../Users/GWD_00/Documents/GitHub/FinalAlphaBuild/Content/Meshes/AlterMC/Character_Fury_lambert.uasset" 70
"../../../../../../Users/GWD_00/Documents/GitHub/FinalAlphaBuild/Content/Meshes/AlterMC/Main_Character_Fury_001_PhysicsAsset.uasset" 71
"../../../../../../Users/GWD_00/Documents/GitHub/FinalAlphaBuild/Content/Meshes/AlterMC/Main_Character_Fury_001.uasset" 72
"../../../../../../Users/GWD_00/Documents/GitHub/FinalAlphaBuild/Content/Meshes/AlterMC/Main_Character_Texture_Base_Tank_1024.uasset" 73
"../../../../../../Users/GWD_00/Documents/GitHub/FinalAlphaBuild/Content/Meshes/AlterMC/Main_Character_Tank_lambert.uasset" 74
"../../../../../../Users/GWD_00/Documents/GitHub/FinalAlphaBuild/Content/Meshes/AlterMC/Handles_Textures_512.uasset" 75
"../../../../../../Users/GWD_00/Documents/GitHub/FinalAlphaBuild/Content/Meshes/AlterMC/pasted__Handles_lambert1.uasset" 76
"../../../../../../Users/GWD_00/Documents/GitHub/FinalAlphaBuild/Content/Meshes/AlterMC/Main_Character_Tank_001_PhysicsAsset.uasset" 77
"../../../../../../Users/GWD_00/Documents/GitHub/FinalAlphaBuild/Content/Meshes/AlterMC/Main_Character_Tank_001.uasset" 78
"../../../../../../Users/GWD_00/Documents/GitHub/FinalAlphaBuild/Content/Blueprints/Main_BP.uasset" 79
"../../../../../../Users/GWD_00/Documents/GitHub/FinalAlphaBuild/Content/Menus/HUD/Speed.uasset" 80
"../../../../../../Users/GWD_00/Documents/GitHub/FinalAlphaBuild/Content/Menus/HUD/Dash_Widget.uasset" 81
"../../../../../../Users/GWD_00/Documents/GitHub/FinalAlphaBuild/Content/Menus/HUD/HUD_Widget.uasset" 82
"../../../../../../Users/GWD_00/Documents/GitHub/FinalAlphaBuild/Content/Menus/HUD/Range.uasset" 83
"../../../../../../Users/GWD_00/Documents/GitHub/FinalAlphaBuild/Content/Menus/HUD/Ranged_Widget.uasset" 84
"../../../../../../Users/GWD_00/Documents/GitHub/FinalAlphaBuild/Content/Menus/HUD/Range_Bar.uasset" 85
"../../../../../../Users/GWD_00/Documents/GitHub/FinalAlphaBuild/Content/Menus/HUD/Speed_Bar.uasset" 86
"../../../../../../Users/GWD_00/Documents/GitHub/FinalAlphaBuild/Content/Menus/HUD/Tank_Bar.uasset" 87
"../../../../../../Users/GWD_00/Documents/GitHub/FinalAlphaBuild/Content/Menus/Main_Menu/Credits.uasset" 88
"../../../../../../Users/GWD_00/Documents/GitHub/FinalAlphaBuild/Content/Meshes/Ch15_1001_Diffuse.uasset" 89
"../../../../../../Users/GWD_00/Documents/GitHub/FinalAlphaBuild/Content/Meshes/Ch15_1001_Glossiness.uasset" 90
"../../../../../../Users/GWD_00/Documents/GitHub/FinalAlphaBuild/Content/Meshes/Ch15_1001_Normal.uasset" 91
"../../../../../../Users/GWD_00/Documents/GitHub/FinalAlphaBuild/Content/Meshes/Ch15_1001_Specular.uasset" 92
"../../../../../../Users/GWD_00/Documents/GitHub/FinalAlphaBuild/Content/Meshes/Ch15_body.uasset" 93
"../../../../../../Users/GWD_00/Documents/GitHub/FinalAlphaBuild/Content/Meshes/Ch15_1002_Diffuse.uasset" 94
"../../../../../../Users/GWD_00/Documents/GitHub/FinalAlphaBuild/Content/Meshes/Ch15_1002_Emissive.uasset" 95
"../../../../../../Users/GWD_00/Documents/GitHub/FinalAlphaBuild/Content/Meshes/Ch15_1002_Glossiness.uasset" 96
"../../../../../../Users/GWD_00/Documents/GitHub/FinalAlphaBuild/Content/Meshes/Ch15_1002_Normal.uasset" 97
"../../../../../../Users/GWD_00/Documents/GitHub/FinalAlphaBuild/Content/Meshes/Ch15_1002_Specular.uasset" 98
"../../../../../../Users/GWD_00/Documents/GitHub/FinalAlphaBuild/Content/Meshes/Ch15_body1.uasset" 99
"../../../../../../Users/GWD_00/Documents/GitHub/FinalAlphaBuild/Content/Meshes/Ch15_nonPBR_PhysicsAsset.uasset" 100
"../../../../../../Users/GWD_00/Documents/GitHub/FinalAlphaBuild/Content/Meshes/Ch15_nonPBR.uasset" 101
"../../../../../../Users/GWD_00/Documents/GitHub/FinalAlphaBuild/Content/Meshes/AlterMC/Main_Character_Texture_Base_1024.uasset" 102
"../../../../../../Users/GWD_00/Documents/GitHub/FinalAlphaBuild/Content/Meshes/AlterMC/Main_Character_lambert.uasset" 103
"../../../../../../Users/GWD_00/Documents/GitHub/FinalAlphaBuild/Content/Meshes/AlterMC/Main_Character_001_PhysicsAsset.uasset" 104
"../../../../../../Users/GWD_00/Documents/GitHub/FinalAlphaBuild/Content/Meshes/AlterMC/Main_Character_001.uasset" 105
"../../../../../../Users/GWD_00/Documents/GitHub/FinalAlphaBuild/Content/Textures/Level_1/Level1_Iceland1_Texture_1024.uasset" 106
"../../../../../../Users/GWD_00/Documents/GitHub/FinalAlphaBuild/Content/Meshes/Level_1/Level1_Iceland1_Texture_1024.uasset" 107
"../../../../../../Users/GWD_00/Documents/GitHub/FinalAlphaBuild/Content/Textures/Level_1/Level1_Iceland2_Texture_512.uasset" 108
"../../../../../../Users/GWD_00/Documents/GitHub/FinalAlphaBuild/Content/Meshes/Level_1/Level1_Iceland2_Texture_512.uasset" 109
"../../../../../../Users/GWD_00/Documents/GitHub/FinalAlphaBuild/Content/Textures/Level_1/Level1_Iceland3_Texture_2048.uasset" 110
"../../../../../../Users/GWD_00/Documents/GitHub/FinalAlphaBuild/Content/Meshes/Level_1/Level1_Iceland3_Texture_2048.uasset" 111
"../../../../../../Users/GWD_00/Documents/GitHub/FinalAlphaBuild/Content/Textures/Level_1/Level1_Iceland4_Texture_2048.uasset" 112
"../../../../../../Users/GWD_00/Documents/GitHub/FinalAlphaBuild/Content/Meshes/Level_1/Level1_Iceland4_Texture_2048.uasset" 113
"../../../../../../Users/GWD_00/Documents/GitHub/FinalAlphaBuild/Content/Textures/Level_1/Level1_Iceland5_Texture_2048.uasset" 114
"../../../../../../Users/GWD_00/Documents/GitHub/FinalAlphaBuild/Content/Meshes/Level_1/Level1_Iceland5_Texture_2048.uasset" 115
"../../../../../../Users/GWD_00/Documents/GitHub/FinalAlphaBuild/Content/Textures/Level_1/Level1_Mountain1_Texture_1024.uasset" 116
"../../../../../../Users/GWD_00/Documents/GitHub/FinalAlphaBuild/Content/Meshes/Level_1/Level1_Mountain1_Texture_1024.uasset" 117
"../../../../../../Users/GWD_00/Documents/GitHub/FinalAlphaBuild/Content/Textures/Level_1/Level1_Mountain2_Texture_1024.uasset" 118
"../../../../../../Users/GWD_00/Documents/GitHub/FinalAlphaBuild/Content/Meshes/Level_1/Level1_Mountain2_Texture_1024.uasset" 119
"../../../../../../Users/GWD_00/Documents/GitHub/FinalAlphaBuild/Content/Textures/Main/Ch49_1002_Diffuse.uasset" 120
"../../../../../../Users/GWD_00/Documents/GitHub/FinalAlphaBuild/Content/Textures/Main/Ch49_1002_Glossiness.uasset" 121
"../../../../../../Users/GWD_00/Documents/GitHub/FinalAlphaBuild/Content/Textures/Main/Ch49_1002_Normal.uasset" 122
"../../../../../../Users/GWD_00/Documents/GitHub/FinalAlphaBuild/Content/Textures/Main/Ch49_1002_Specular.uasset" 123
"../../../../../../Users/GWD_00/Documents/GitHub/FinalAlphaBuild/Content/Materials/Main/Ch_49_body1.uasset" 124
"../../../../../../Users/GWD_00/Documents/GitHub/FinalAlphaBuild/Content/Textures/Main/Ch49_1001_Diffuse.uasset" 125
"../../../../../../Users/GWD_00/Documents/GitHub/FinalAlphaBuild/Content/Textures/Main/Ch49_1001_Glossiness.uasset" 126
"../../../../../../Users/GWD_00/Documents/GitHub/FinalAlphaBuild/Content/Textures/Main/Ch49_1001_Normal.uasset" 127
"../../../../../../Users/GWD_00/Documents/GitHub/FinalAlphaBuild/Content/Textures/Main/Ch49_1001_Specular.uasset" 128
"../../../../../../Users/GWD_00/Documents/GitHub/FinalAlphaBuild/Content/Materials/Main/Ch_49_body2.uasset" 129
"../../../../../../Users/GWD_00/Documents/GitHub/FinalAlphaBuild/Content/Materials/Main/Ch_49_eyelashes.uasset" 130
"../../../../../../Users/GWD_00/Documents/GitHub/FinalAlphaBuild/Content/Meshes/Main/Ch49_nonPBR_PhysicsAsset.uasset" 131
"../../../../../../Users/GWD_00/Documents/GitHub/FinalAlphaBuild/Content/Meshes/Main/Ch49_nonPBR.uasset" 132
"../../../../../../Users/GWD_00/Documents/GitHub/FinalAlphaBuild/Content/Meshes/Weapon/Sword/Knife_Textured_512.uasset" 133
"../../../../../../Users/GWD_00/Documents/GitHub/FinalAlphaBuild/Content/Meshes/Weapon/Sword/Knife_Blade_blinn.uasset" 134
"../../../../../../Users/GWD_00/Documents/GitHub/FinalAlphaBuild/Content/StarterContent/Textures/T_Perlin_Noise_M.uasset" 135
"../../../../../../Users/GWD_00/Documents/GitHub/FinalAlphaBuild/Content/StarterContent/Textures/T_Water_N.uasset" 136
"../../../../../../Users/GWD_00/Documents/GitHub/FinalAlphaBuild/Content/StarterContent/Materials/M_Water_Lake.uasset" 137
"../../../Engine/Content/Animation/DefaultAnimCurveCompressionSettings.uasset" 138
"../../../Engine/Content/Functions/Engine_MaterialFunctions01/Opacity/CameraDepthFade.uasset" 139
"../../../Engine/Content/EngineMaterials/T_Default_Material_Grid_M.uasset" 140
"../../../Engine/Content/EngineMaterials/T_Default_Material_Grid_N.uasset" 141
"../../../Engine/Content/EngineMaterials/WorldGridMaterial.uasset" 142
"../../../Engine/Content/ArtTools/RenderToTexture/Meshes/S_1_Unit_Plane.uasset" 143
"../../../Engine/Content/EngineMaterials/DefaultMaterial.uasset" 144
"../../../Engine/Content/BasicShapes/Cone.uasset" 145
"../../../Engine/Content/BasicShapes/Cube.uasset" 146
"../../../Engine/Content/BasicShapes/Cylinder.uasset" 147
"../../../Engine/Content/BasicShapes/Sphere.uasset" 148
"../../../Engine/Content/EditorLandscapeResources/DataLayer.uasset" 149
"../../../Engine/Content/EditorMaterials/MAT_Groups_Toggle.uasset" 150
"../../../Engine/Content/EditorMaterials/MAT_Groups_Visibility.uasset" 151
"../../../Engine/Content/EditorMaterials/PreviewShadowIndicator.uasset" 152
"../../../Engine/Content/EditorMaterials/PreviewShadowIndicatorMaterial.uasset" 153
"../../../Engine/Content/EditorMaterials/MatineeGroups/MAT_ColorTrack.uasset" 154
"../../../Engine/Content/EditorMaterials/MatineeGroups/MAT_Groups_Anim.uasset" 155
"../../../Engine/Content/EditorMaterials/MatineeGroups/MAT_Groups_AudioMaster.uasset" 156
"../../../Engine/Content/EditorMaterials/MatineeGroups/MAT_Groups_Director.uasset" 157
"../../../Engine/Content/EditorMaterials/MatineeGroups/MAT_Groups_Event.uasset" 158
"../../../Engine/Content/EditorMaterials/MatineeGroups/MAT_Groups_Fade.uasset" 159
"../../../Engine/Content/EditorMaterials/MatineeGroups/MAT_Groups_Float.uasset" 160
"../../../Engine/Content/EditorMaterials/MatineeGroups/MAT_Groups_Move.uasset" 161
"../../../Engine/Content/EditorMaterials/MatineeGroups/MAT_Groups_Slomo.uasset" 162
"../../../Engine/Content/EditorMaterials/MatineeGroups/MAT_Groups_Sound.uasset" 163
"../../../Engine/Content/EditorMaterials/MatineeGroups/MAT_Groups_Vector.uasset" 164
"../../../Engine/Content/EditorMaterials/ParticleSystems/PSysThumbnail_NoImage.uasset" 165
"../../../Engine/Content/EditorMaterials/ParticleSystems/PSysThumbnail_OOD.uasset" 166
"../../../Engine/Content/EditorMaterials/Camera/CineMat.uasset" 167
"../../../Engine/Content/EditorMaterials/Camera/MI_CineMat_Rig.uasset" 168
"../../../Engine/Content/EditorMeshes/Camera/SM_CraneRig_Arm.uasset" 169
"../../../Engine/Content/EditorMeshes/Camera/SM_CraneRig_Base.uasset" 170
"../../../Engine/Content/EditorMeshes/Camera/SM_CraneRig_Body.uasset" 171
"../../../Engine/Content/EditorMeshes/Camera/SM_CraneRig_Mount.uasset" 172
"../../../Engine/Content/EditorMeshes/Camera/SM_RailRig_Mount.uasset" 173
"../../../Engine/Content/EditorMeshes/Camera/SM_RailRig_Track.uasset" 174
"../../../Engine/Content/EditorResources/BSPVertex.uasset" 175
"../../../Engine/Content/EditorResources/EmptyActor.uasset" 176
"../../../Engine/Content/EditorResources/S_Actor.uasset" 177
"../../../Engine/Content/EditorResources/S_Note.uasset" 178
"../../../Engine/Content/EditorResources/S_Solver.uasset" 179
"../../../Engine/Content/EditorResources/S_Trigger.uasset" 180
"../../../Engine/Content/EditorResources/AudioIcons/S_AudioComponent_AutoActivate.uasset" 181
"../../../Engine/Content/EditorResources/LightIcons/S_LightError.uasset" 182
"../../../Engine/Content/EditorResources/SequenceRecorder/Countdown.uasset" 183
"../../../Engine/Content/EditorResources/SequenceRecorder/RecordingIndicator.uasset" 184
"../../../Engine/Content/EditorSounds/Notifications/CompileFailed.uasset" 185
"../../../Engine/Content/EditorSounds/Notifications/CompileFailed_Cue.uasset" 186
"../../../Engine/Content/EditorSounds/Notifications/CompileSuccess.uasset" 187
"../../../Engine/Content/EditorSounds/Notifications/CompileStart_Cue.uasset" 188
"../../../Engine/Content/EditorSounds/Notifications/CompileSuccess_Cue.uasset" 189
"../../../Engine/Content/EngineDamageTypes/DmgTypeBP_Environmental.uasset" 190
"../../../Engine/Content/EngineDebugMaterials/DebugEditorMaterial.uasset" 191
"../../../Engine/Content/EngineDebugMaterials/DebugMeshMaterial.uasset" 192
"../../../Engine/Content/EngineDebugMaterials/M_SimpleTranslucent.uasset" 193
"../../../Engine/Content/Functions/Engine_MaterialFunctions02/Utility/CameraDirectionVector.uasset" 194
"../../../Engine/Content/EngineDebugMaterials/VolumeToRender.uasset" 195
"../../../Engine/Content/EngineDebugMaterials/M_VolumeRenderSphereTracePP.uasset" 196
"../../../Engine/Content/EngineDebugMaterials/WireframeMaterial.uasset" 197
"../../../Engine/Content/EngineFonts/Faces/DroidSansFallback.uasset" 198
"../../../Engine/Content/EngineFonts/Faces/RobotoBold.uasset" 199
"../../../Engine/Content/EngineFonts/Faces/RobotoBoldItalic.uasset" 200
"../../../Engine/Content/EngineFonts/Faces/RobotoItalic.uasset" 201
"../../../Engine/Content/EngineFonts/Faces/RobotoLight.uasset" 202
"../../../Engine/Content/EngineFonts/Faces/RobotoRegular.uasset" 203
"../../../Engine/Content/EngineFonts/Roboto.uasset" 204
"../../../Engine/Content/EngineMaterials/BaseFlattenDiffuseMap.uasset" 205
"../../../Engine/Content/EngineMaterials/BaseFlattenEmissiveMap.uasset" 206
"../../../Engine/Content/EngineMaterials/BaseFlattenGrayscaleMap.uasset" 207
"../../../Engine/Content/EngineMaterials/BaseFlattenNormalMap.uasset" 208
"../../../Engine/Content/EngineMaterials/BaseFlattenMaterial.uasset" 209
"../../../Engine/Content/EngineMaterials/BlueNoise.uasset" 210
"../../../Engine/Content/EngineMaterials/DefaultBloomKernel.uasset" 211
"../../../Engine/Content/EngineMaterials/DefaultBokeh.uasset" 212
"../../../Engine/Content/EngineMaterials/DefaultDiffuse.uasset" 213
"../../../Engine/Content/EngineMaterials/DefaultDeferredDecalMaterial.uasset" 214
"../../../Engine/Content/EngineMaterials/DefaultLightFunctionMaterial.uasset" 215
"../../../Engine/Content/EngineMaterials/DefaultPhysicalMaterial.uasset" 216
"../../../Engine/Content/Functions/Engine_MaterialFunctions02/Utility/BreakOutFloat2Components.uasset" 217
"../../../Engine/Content/EngineMaterials/DefaultPostProcessMaterial.uasset" 218
"../../../Engine/Content/EngineFonts/RobotoDistanceField.uasset" 219
"../../../Engine/Content/EngineMaterials/DefaultTextMaterialOpaque.uasset" 220
"../../../Engine/Content/EngineMaterials/DefaultVirtualTextureMaterial.uasset" 221
"../../../Engine/Content/EngineMaterials/DefaultWhiteGrid.uasset" 222
"../../../Engine/Content/EngineMaterials/DefaultWhiteGrid_Low.uasset" 223
"../../../Engine/Content/EngineMaterials/EmissiveMeshMaterial.uasset" 224
"../../../Engine/Content/EngineMaterials/GizmoMaterial.uasset" 225
"../../../Engine/Content/EngineMaterials/Good64x64TilingNoiseHighFreq.uasset" 226
"../../../Engine/Content/EngineMaterials/HairDefaultMaterial.uasset" 227
"../../../Engine/Content/EngineMaterials/MiniFont.uasset" 228
"../../../Engine/Content/EngineMaterials/InvalidLightmapSettings.uasset" 229
"../../../Engine/Content/EngineMaterials/M_InvalidLightmapSettings.uasset" 230
"../../../Engine/Content/Functions/Engine_MaterialFunctions02/WorldPositionOffset/CameraOffset.uasset" 231
"../../../Engine/Content/EngineMaterials/PhAT_JointLimitMaterial.uasset" 232
"../../../Engine/Content/EngineMaterials/PreintegratedSkinBRDF.uasset" 233
"../../../Engine/Content/EngineMaterials/RemoveSurfaceMaterial.uasset" 234
"../../../Engine/Content/EngineMaterials/WeightMapPlaceholderTexture.uasset" 235
"../../../Engine/Content/EngineResources/WhiteSquareTexture.uasset" 236
"../../../Engine/Content/EngineMaterials/Widget3DPassThrough.uasset" 237
"../../../Engine/Content/EngineMaterials/Widget3DPassThrough_Masked.uasset" 238
"../../../Engine/Content/EngineMaterials/Widget3DPassThrough_Opaque.uasset" 239
"../../../Engine/Content/EngineMaterials/Widget3DPassThrough_Masked_OneSided.uasset" 240
"../../../Engine/Content/EngineMaterials/Widget3DPassThrough_Opaque_OneSided.uasset" 241
"../../../Engine/Content/EngineMaterials/Widget3DPassThrough_Translucent.uasset" 242
"../../../Engine/Content/EngineMaterials/Widget3DPassThrough_Translucent_OneSided.uasset" 243
"../../../Engine/Content/EngineMeshes/Cylinder.uasset" 244
"../../../Engine/Content/EngineMeshes/Sphere.uasset" 245
"../../../Engine/Content/EngineResources/Black.uasset" 246
"../../../Engine/Content/EngineResources/DefaultTexture.uasset" 247
"../../../Engine/Content/EngineResources/DefaultTextureCube.uasset" 248
"../../../Engine/Content/EngineResources/DefaultVolumeTexture2D.uasset" 249
"../../../Engine/Content/EngineResources/DefaultVolumeTexture.uasset" 250
"../../../Engine/Content/EngineResources/GradientTexture0.uasset" 251
"../../../Engine/Content/EngineSounds/Master.uasset" 252
"../../../Engine/Content/Functions/Engine_MaterialFunctions01/Shading/ConvertFromDiffSpec.uasset" 253
"../../../Engine/Content/Functions/Engine_MaterialFunctions01/Shading/PowerToRoughness.uasset" 254
"../../../Engine/Content/Maps/Templates/Thumbnails/Default.uasset" 255
"../../../Engine/Content/Maps/Templates/Thumbnails/TimeOfDay.uasset" 256
"../../../Engine/Content/Maps/Templates/Thumbnails/VR-Basic.uasset" 257
"../../../Engine/Content/MobileResources/T_MobileControls_texture.uasset" 258
"../../../Engine/Content/MobileResources/T_MobileMenu2.uasset" 259
"../../../Engine/Content/MobileResources/HUD/AnalogHat.uasset" 260
"../../../Engine/Content/MobileResources/HUD/VirtualJoystick_Background.uasset" 261
"../../../Engine/Content/MobileResources/HUD/VirtualJoystick_Thumb.uasset" 262
"../../../Engine/Content/MobileResources/HUD/DefaultVirtualJoysticks.uasset" 263
"../../../Engine/Content/MobileResources/HUD/LeftVirtualJoystickOnly.uasset" 264
"../../../Engine/Content/MobileResources/HUD/MobileHUDButton1_off.uasset" 265
"../../../Engine/Content/MobileResources/HUD/MobileHUDButton1_on.uasset" 266
"../../../Engine/Content/MobileResources/HUD/MobileHUDButton2_off.uasset" 267
"../../../Engine/Content/MobileResources/HUD/MobileHUDButton2_on.uasset" 268
"../../../Engine/Content/MobileResources/HUD/MobileHUDButton3.uasset" 269
"../../../Engine/Content/MobileResources/HUD/MobileHUDButtonFire.uasset" 270
"../../../Engine/Content/MobileResources/HUD/MobileHUDDirectionPad.uasset" 271
"../../../Engine/Content/MobileResources/HUD/MobileHUDDirectionPad2.uasset" 272
"../../../Engine/Content/MobileResources/HUD/MobileHUDDirectionPad3.uasset" 273
"../../../Engine/Content/MobileResources/HUD/MobileHUDDirectionStick.uasset" 274
"../../../Engine/Content/MobileResources/HUD/T_Castle_ThumbstickInner.uasset" 275
"../../../Engine/Content/MobileResources/HUD/T_Castle_ThumbstickOutter.uasset" 276
"../../../Engine/Content/Tutorial/ContentIntroCurve.uasset" 277
"../../../Engine/Content/Tutorial/Basics/ContentBrowserOverview.uasset" 278
"../../../Engine/Content/Tutorial/Basics/LevelEditorAttract.uasset" 279
"../../../Engine/Content/Tutorial/Basics/TutorialAssets/icon_tab_Levels_40x.uasset" 280
"../../../Engine/Content/Tutorial/Basics/LevelEditorOverview.uasset" 281
"../../../Engine/Content/Tutorial/SubEditors/MaterialEditorTutorial.uasset" 282
"../../../Engine/Content/Tutorial/SubEditors/TutorialAssets/TutorialMaterial.uasset" 283
"../../../Engine/Content/VREditor/LaserPointer/VR_LaserPower_01.uasset" 284
"../../../Engine/Content/VREditor/TransformGizmo/TransformGizmoMaterial.uasset" 285
"../../../Engine/Content/VREditor/TransformGizmo/TranslucentTransformGizmoMaterial.uasset" 286
"../../../Engine/Content/VREditor/TransformGizmo/BoundingBoxCorner.uasset" 287
"../../../Engine/Content/VREditor/TransformGizmo/BoundingBoxEdge.uasset" 288
"../../../Engine/Content/VREditor/TransformGizmo/PlaneTranslationHandle.uasset" 289
"../../../Engine/Content/VREditor/TransformGizmo/Main.uasset" 290
"../../../Engine/Content/VREditor/TransformGizmo/Xray.uasset" 291
"../../../Engine/Content/VREditor/TransformGizmo/SM_Sequencer_Key.uasset" 292
"../../../Engine/Content/VREditor/TransformGizmo/SM_Sequencer_Node.uasset" 293
"../../Plugins/2D/Paper2D/Content/PlaceholderTextures/DummySpriteTexture.uasset" 294
"../../Plugins/2D/Paper2D/Content/DummySprite.uasset" 295
"../../Plugins/2D/Paper2D/Content/DefaultPaperTerrainMaterial.uasset" 296
"../../Plugins/2D/Paper2D/Content/DummySpriteTexture.uasset" 297
"../../Plugins/2D/Paper2D/Content/DefaultSpriteMaterial.uasset" 298
"../../Plugins/2D/Paper2D/Content/MaskedUnlitSpriteMaterial.uasset" 299
"../../Plugins/2D/Paper2D/Content/OpaqueUnlitSpriteMaterial.uasset" 300
"../../../Engine/Content/Functions/Engine_MaterialFunctions02/Utility/BreakOutFloat4Components.uasset" 301
"../../../Engine/Content/Functions/Engine_MaterialFunctions02/Utility/MakeFloat2.uasset" 302
"../../../Engine/Content/Functions/Engine_MaterialFunctions02/Utility/MakeFloat3.uasset" 303
"../../Plugins/Runtime/Oculus/OculusVR/Content/Materials/OculusMR_ChromaKey.uasset" 304
"../../Plugins/Runtime/Oculus/OculusVR/Content/Materials/OculusMR_ChromaKey_Lit.uasset" 305
"../../Plugins/Runtime/Oculus/OculusVR/Content/Materials/OculusMR_OpaqueColoredMaterial.uasset" 306
"../../Plugins/Runtime/Oculus/OculusVR/Content/Materials/OculusMR_WhiteMaterial.uasset" 307
"../../../../../../Users/GWD_00/Documents/GitHub/FinalAlphaBuild/Content/Meshes/Level_1/SnowTree_Big_Mesh_01_Skeleton.uasset" 308
"../../../../../../Users/GWD_00/Documents/GitHub/FinalAlphaBuild/Content/Animations/Level_1/SnowTree_Big_ANIM_01.uasset" 309
"../../../../../../Users/GWD_00/Documents/GitHub/FinalAlphaBuild/Content/Meshes/Level_1/SnowTree_Dead_Mesh_01_Skeleton.uasset" 310
"../../../../../../Users/GWD_00/Documents/GitHub/FinalAlphaBuild/Content/Animations/Level_1/SnowTree_Dead_ANIM_01.uasset" 311
"../../../../../../Users/GWD_00/Documents/GitHub/FinalAlphaBuild/Content/Meshes/Level_1/SnowTree_Pointy_Mesh_01_Skeleton.uasset" 312
"../../../../../../Users/GWD_00/Documents/GitHub/FinalAlphaBuild/Content/Animations/Level_1/SnowTree_Pointy_ANIM_01.uasset" 313
"../../../../../../Users/GWD_00/Documents/GitHub/FinalAlphaBuild/Content/Meshes/Level_1/SnowTree_Small_Mesh_01_Skeleton.uasset" 314
"../../../../../../Users/GWD_00/Documents/GitHub/FinalAlphaBuild/Content/Animations/Level_1/SnowTree_Small_ANIM_01.uasset" 315
"../../../../../../Users/GWD_00/Documents/GitHub/FinalAlphaBuild/Content/Animations/Enemies/BigLad/big_enemi_animation_attack.uasset" 316
"../../../../../../Users/GWD_00/Documents/GitHub/FinalAlphaBuild/Content/Animations/Enemies/BigLad/big_enemi_animation_walking.uasset" 317
"../../../../../../Users/GWD_00/Documents/GitHub/FinalAlphaBuild/Content/Animations/Enemies/BigLad/IdleWalk_BlendSpace.uasset" 318
"../../../../../../Users/GWD_00/Documents/GitHub/FinalAlphaBuild/Content/Animations/Enemies/BigLad/BigLadAnimInstance_BP.uasset" 319
"../../../../../../Users/GWD_00/Documents/GitHub/FinalAlphaBuild/Content/Textures/Enemies/Enemi_L_Textured_1024.uasset" 320
"../../../../../../Users/GWD_00/Documents/GitHub/FinalAlphaBuild/Content/Materials/Enemies/Enemi_Large_lambert.uasset" 321
"../../../../../../Users/GWD_00/Documents/GitHub/FinalAlphaBuild/Content/Textures/Enemies/Enemi_Large_Crystals_Textured_512.uasset" 322
"../../../../../../Users/GWD_00/Documents/GitHub/FinalAlphaBuild/Content/Materials/Enemies/Enemi_Large_Crystals_blinn.uasset" 323
"../../../../../../Users/GWD_00/Documents/GitHub/FinalAlphaBuild/Content/Materials/Enemies/Big_Emission.uasset" 324
"../../../../../../Users/GWD_00/Documents/GitHub/FinalAlphaBuild/Content/Meshes/Enemeis/Enemi_Large_001_PhysicsAsset.uasset" 325
"../../../../../../Users/GWD_00/Documents/GitHub/FinalAlphaBuild/Content/Meshes/Enemeis/Enemi_Large_001.uasset" 326
"../../../../../../Users/GWD_00/Documents/GitHub/FinalAlphaBuild/Content/Blueprints/BigLad_BP.uasset" 327
"../../../../../../Users/GWD_00/Documents/GitHub/FinalAlphaBuild/Content/Meshes/Enemeis/Enemi_Small_003_Skeleton.uasset" 328
"../../../../../../Users/GWD_00/Documents/GitHub/FinalAlphaBuild/Content/Animations/Enemies/Pack/animation_small_enemi_attack_faster.uasset" 329
"../../../../../../Users/GWD_00/Documents/GitHub/FinalAlphaBuild/Content/Animations/Enemies/Pack/animation_small_enemi_idle.uasset" 330
"../../../../../../Users/GWD_00/Documents/GitHub/FinalAlphaBuild/Content/Animations/Enemies/Pack/animation_small_enemi_jogging.uasset" 331
"../../../../../../Users/GWD_00/Documents/GitHub/FinalAlphaBuild/Content/Animations/Enemies/Pack/IdleWalk_BlendSpace.uasset" 332
"../../../../../../Users/GWD_00/Documents/GitHub/FinalAlphaBuild/Content/Animations/Enemies/Pack/PackAnimInstance_BP.uasset" 333
"../../../../../../Users/GWD_00/Documents/GitHub/FinalAlphaBuild/Content/Textures/Enemies/Enemi_Small_Textured_1024.uasset" 334
"../../../../../../Users/GWD_00/Documents/GitHub/FinalAlphaBuild/Content/Materials/Enemies/Enemi_Small_lambert.uasset" 335
"../../../../../../Users/GWD_00/Documents/GitHub/FinalAlphaBuild/Content/Textures/Enemies/Enemi_Small_Crystals_Textured_512.uasset" 336
"../../../../../../Users/GWD_00/Documents/GitHub/FinalAlphaBuild/Content/Materials/Enemies/Enemi_Small_Crystals_blinn.uasset" 337
"../../../../../../Users/GWD_00/Documents/GitHub/FinalAlphaBuild/Content/Materials/Enemies/Small_Emission.uasset" 338
"../../../../../../Users/GWD_00/Documents/GitHub/FinalAlphaBuild/Content/Meshes/Enemeis/Enemi_Small_003_PhysicsAsset.uasset" 339
"../../../../../../Users/GWD_00/Documents/GitHub/FinalAlphaBuild/Content/Meshes/Enemeis/Enemi_Small_003.uasset" 340
"../../../../../../Users/GWD_00/Documents/GitHub/FinalAlphaBuild/Content/Blueprints/Pack_BP.uasset" 341
"../../../Engine/Content/EngineSky/C_Sky_Cloud_Color.uasset" 342
"../../../Engine/Content/EngineSky/C_Sky_Horizon_Color.uasset" 343
"../../../Engine/Content/EngineSky/C_Sky_Zenith_Color.uasset" 344
"../../../Engine/Content/EngineSky/T_Sky_Blue.uasset" 345
"../../../Engine/Content/EngineSky/T_Sky_Clouds_M.uasset" 346
"../../../Engine/Content/EngineSky/T_Sky_Stars.uasset" 347
"../../../Engine/Content/EngineSky/M_Sky_Panning_Clouds2.uasset" 348
"../../../Engine/Content/EngineSky/SM_SkySphere.uasset" 349
"../../../Engine/Content/EngineSky/BP_Sky_Sphere.uasset" 350
"../../../../../../Users/GWD_00/Documents/GitHub/FinalAlphaBuild/Content/Blueprints/alphaBuildGameModeBase_BP.uasset" 351
"../../../../../../Users/GWD_00/Documents/GitHub/FinalAlphaBuild/Content/Textures/Level_1/Iceblock_Moving_Texture_1024.uasset" 352
"../../../../../../Users/GWD_00/Documents/GitHub/FinalAlphaBuild/Content/Materials/Level_1/Iceblock_Moving_StaticMesh_003_blinn4.uasset" 353
"../../../../../../Users/GWD_00/Documents/GitHub/FinalAlphaBuild/Content/Meshes/Level_1/Iceblock_Moving_StaticMesh_003.uasset" 354
"../../../../../../Users/GWD_00/Documents/GitHub/FinalAlphaBuild/Content/Textures/Level_1/Level_Base_Texture_512.uasset" 355
"../../../../../../Users/GWD_00/Documents/GitHub/FinalAlphaBuild/Content/Materials/Level_1/Lever_Base_lambert.uasset" 356
"../../../../../../Users/GWD_00/Documents/GitHub/FinalAlphaBuild/Content/Meshes/Level_1/Lever_StaticMesh_05_Lever_Base_Mesh.uasset" 357
"../../../../../../Users/GWD_00/Documents/GitHub/FinalAlphaBuild/Content/Textures/Level_1/Level_Crystal_Texture_512.uasset" 358
"../../../../../../Users/GWD_00/Documents/GitHub/FinalAlphaBuild/Content/Materials/Level_1/Level_Crystal_blinn.uasset" 359
"../../../../../../Users/GWD_00/Documents/GitHub/FinalAlphaBuild/Content/Textures/Level_1/Level_Normal_512_png_specular.uasset" 360
"../../../../../../Users/GWD_00/Documents/GitHub/FinalAlphaBuild/Content/Textures/Level_1/Level_Texture_512.uasset" 361
"../../../../../../Users/GWD_00/Documents/GitHub/FinalAlphaBuild/Content/Materials/Level_1/Lever_lambert.uasset" 362
"../../../../../../Users/GWD_00/Documents/GitHub/FinalAlphaBuild/Content/Meshes/Level_1/Lever_StaticMesh_05_Lever_Mesh1.uasset" 363
"../../../../../../Users/GWD_00/Documents/GitHub/FinalAlphaBuild/Content/Blueprints/Lever_BP.uasset" 364
"../../../../../../Users/GWD_00/Documents/GitHub/FinalAlphaBuild/Content/Maps/Debug_BuiltData.uasset" 365
"../../../Engine/Content/Functions/Engine_MaterialFunctions02/Utility/BlendAngleCorrectedNormals.uasset" 366
"../../../../../../Users/GWD_00/Documents/GitHub/FinalAlphaBuild/Content/StarterContent/Textures/T_Water_M.uasset" 367
"../../../../../../Users/GWD_00/Documents/GitHub/FinalAlphaBuild/Content/StarterContent/Materials/M_Water_Ocean.uasset" 368
"../../../Engine/Content/MapTemplates/SM_Template_Map_Floor.uasset" 369
"../../../../../../Users/GWD_00/Documents/GitHub/FinalAlphaBuild/Content/Textures/Level_1/Snowtree_Small_1_Texture_1024.uasset" 370
"../../../../../../Users/GWD_00/Documents/GitHub/FinalAlphaBuild/Content/Materials/Level_1/Snow_Tree_Small_1_2_lambert.uasset" 371
"../../../../../../Users/GWD_00/Documents/GitHub/FinalAlphaBuild/Content/Meshes/Level_1/SnowTree_Big_Mesh_01_PhysicsAsset.uasset" 372
"../../../../../../Users/GWD_00/Documents/GitHub/FinalAlphaBuild/Content/Meshes/Level_1/SnowTree_Big_Mesh_01.uasset" 373
"../../../../../../Users/GWD_00/Documents/GitHub/FinalAlphaBuild/Content/Textures/Level_1/Tree_Dead_4_Texture_512.uasset" 374
"../../../../../../Users/GWD_00/Documents/GitHub/FinalAlphaBuild/Content/Materials/Level_1/Tree_Dead_4_lambert.uasset" 375
"../../../../../../Users/GWD_00/Documents/GitHub/FinalAlphaBuild/Content/Meshes/Level_1/SnowTree_Dead_Mesh_01_PhysicsAsset.uasset" 376
"../../../../../../Users/GWD_00/Documents/GitHub/FinalAlphaBuild/Content/Meshes/Level_1/SnowTree_Dead_Mesh_01.uasset" 377
"../../../../../../Users/GWD_00/Documents/GitHub/FinalAlphaBuild/Content/Textures/Level_1/Snowtree_3_Texture_1024.uasset" 378
"../../../../../../Users/GWD_00/Documents/GitHub/FinalAlphaBuild/Content/Materials/Level_1/Snow_Tree_3_lambert.uasset" 379
"../../../../../../Users/GWD_00/Documents/GitHub/FinalAlphaBuild/Content/Meshes/Level_1/SnowTree_Pointy_Mesh_01_PhysicsAsset.uasset" 380
"../../../../../../Users/GWD_00/Documents/GitHub/FinalAlphaBuild/Content/Meshes/Level_1/SnowTree_Pointy_Mesh_01.uasset" 381
"../../../../../../Users/GWD_00/Documents/GitHub/FinalAlphaBuild/Content/Textures/Level_1/Snowtree_1_Texture_1024.uasset" 382
"../../../../../../Users/GWD_00/Documents/GitHub/FinalAlphaBuild/Content/Materials/Level_1/Snow_Tree_1_2_lambert.uasset" 383
"../../../../../../Users/GWD_00/Documents/GitHub/FinalAlphaBuild/Content/Meshes/Level_1/SnowTree_Small_Mesh_01_PhysicsAsset.uasset" 384
"../../../../../../Users/GWD_00/Documents/GitHub/FinalAlphaBuild/Content/Meshes/Level_1/SnowTree_Small_Mesh_01.uasset" 385
"../../../../../../Users/GWD_00/Documents/GitHub/FinalAlphaBuild/Content/Maps/Debug.umap" 386
"../../../../../../Users/GWD_00/Documents/GitHub/FinalAlphaBuild/Content/Blueprints/Tree_Big_BP.uasset" 387
"../../../../../../Users/GWD_00/Documents/GitHub/FinalAlphaBuild/Content/Blueprints/Tree_Dead_BP.uasset" 388
"../../../../../../Users/GWD_00/Documents/GitHub/FinalAlphaBuild/Content/Blueprints/Tree_Pointy_BP.uasset" 389
"../../../../../../Users/GWD_00/Documents/GitHub/FinalAlphaBuild/Content/Blueprints/Tree_Small_BP.uasset" 390
"../../../../../../Users/GWD_00/Documents/GitHub/FinalAlphaBuild/Content/Maps/Level_1_BuiltData.uasset" 391
"../../../../../../Users/GWD_00/Documents/GitHub/FinalAlphaBuild/Content/StarterContent/Materials/M_Water_Ocean1.uasset" 392
"../../../../../../Users/GWD_00/Documents/GitHub/FinalAlphaBuild/Content/StarterContent/Materials/M_Water_Ocean1_Inst.uasset" 393
"../../../Engine/Content/BasicShapes/Plane.uasset" 394
"../../../../../../Users/GWD_00/Documents/GitHub/FinalAlphaBuild/Content/Textures/Level_1/Iceblock1_Texture_1024.uasset" 395
"../../../../../../Users/GWD_00/Documents/GitHub/FinalAlphaBuild/Content/Materials/Level_1/Iceblock1_002_blinn4.uasset" 396
"../../../../../../Users/GWD_00/Documents/GitHub/FinalAlphaBuild/Content/Meshes/Level_1/Iceblock1_002.uasset" 397
"../../../../../../Users/GWD_00/Documents/GitHub/FinalAlphaBuild/Content/Textures/Level_1/Iceblock2_Texture_1024.uasset" 398
"../../../../../../Users/GWD_00/Documents/GitHub/FinalAlphaBuild/Content/Materials/Level_1/Iceblock2_002_blinn4.uasset" 399
"../../../../../../Users/GWD_00/Documents/GitHub/FinalAlphaBuild/Content/Meshes/Level_1/Iceblock2_002.uasset" 400
"../../../../../../Users/GWD_00/Documents/GitHub/FinalAlphaBuild/Content/Materials/Level_1/lambert11.uasset" 401
"../../../../../../Users/GWD_00/Documents/GitHub/FinalAlphaBuild/Content/Meshes/Level_1/lambert11.uasset" 402
"../../../../../../Users/GWD_00/Documents/GitHub/FinalAlphaBuild/Content/Materials/Level_1/lambert14.uasset" 403
"../../../../../../Users/GWD_00/Documents/GitHub/FinalAlphaBuild/Content/Meshes/Level_1/lambert14.uasset" 404
"../../../../../../Users/GWD_00/Documents/GitHub/FinalAlphaBuild/Content/Materials/Level_1/lambert15.uasset" 405
"../../../../../../Users/GWD_00/Documents/GitHub/FinalAlphaBuild/Content/Meshes/Level_1/lambert15.uasset" 406
"../../../../../../Users/GWD_00/Documents/GitHub/FinalAlphaBuild/Content/Materials/Level_1/lambert17.uasset" 407
"../../../../../../Users/GWD_00/Documents/GitHub/FinalAlphaBuild/Content/Meshes/Level_1/lambert17.uasset" 408
"../../../../../../Users/GWD_00/Documents/GitHub/FinalAlphaBuild/Content/Materials/Level_1/lambert3.uasset" 409
"../../../../../../Users/GWD_00/Documents/GitHub/FinalAlphaBuild/Content/Meshes/Level_1/lambert3.uasset" 410
"../../../../../../Users/GWD_00/Documents/GitHub/FinalAlphaBuild/Content/Materials/Level_1/lambert5.uasset" 411
"../../../../../../Users/GWD_00/Documents/GitHub/FinalAlphaBuild/Content/Meshes/Level_1/lambert5.uasset" 412
"../../../../../../Users/GWD_00/Documents/GitHub/FinalAlphaBuild/Content/Materials/Level_1/lambert7.uasset" 413
"../../../../../../Users/GWD_00/Documents/GitHub/FinalAlphaBuild/Content/Meshes/Level_1/lambert7.uasset" 414
"../../../../../../Users/GWD_00/Documents/GitHub/FinalAlphaBuild/Content/Materials/Level_1/lambert9.uasset" 415
"../../../../../../Users/GWD_00/Documents/GitHub/FinalAlphaBuild/Content/Meshes/Level_1/lambert9.uasset" 416
"../../../../../../Users/GWD_00/Documents/GitHub/FinalAlphaBuild/Content/Meshes/Level_1/Lvl_1_Ground_004.uasset" 417
"../../../../../../Users/GWD_00/Documents/GitHub/FinalAlphaBuild/Content/Music/Scene_1_-_Ambient_Soundscape.uasset" 418
"../../../../../../Users/GWD_00/Documents/GitHub/FinalAlphaBuild/Content/Music/Stage1_Music_Cue.uasset" 419
"../../../../../../Users/GWD_00/Documents/GitHub/FinalAlphaBuild/Content/Maps/Level_1.umap" 420
"../../../../../../Users/GWD_00/Documents/GitHub/FinalAlphaBuild/Content/Maps/Water_Test.umap" 421
"../../../../../../Users/GWD_00/Documents/GitHub/FinalAlphaBuild/Content/Menus/Game_Over/Game_Over_Placeholder.uasset" 422
"../../../../../../Users/GWD_00/Documents/GitHub/FinalAlphaBuild/Content/Menus/Main_Menu/Quit.uasset" 423
"../../../../../../Users/GWD_00/Documents/GitHub/FinalAlphaBuild/Content/Menus/Game_Over/Game_Over_Widget.uasset" 424
"../../../../../../Users/GWD_00/Documents/GitHub/FinalAlphaBuild/Content/Menus/Game_Over/Game_Over.umap" 425
"../../../../../../Users/GWD_00/Documents/GitHub/FinalAlphaBuild/Content/Menus/Main_Menu/Main_Menu_BuiltData.uasset" 426
"../../../../../../Users/GWD_00/Documents/GitHub/FinalAlphaBuild/Content/Menus/Main_Menu/Background_Test.uasset" 427
"../../../../../../Users/GWD_00/Documents/GitHub/FinalAlphaBuild/Content/Menus/Main_Menu/Crystal.uasset" 428
"../../../../../../Users/GWD_00/Documents/GitHub/FinalAlphaBuild/Content/Menus/Main_Menu/StartGame.uasset" 429
"../../../../../../Users/GWD_00/Documents/GitHub/FinalAlphaBuild/Content/Menus/Main_Menu/Title.uasset" 430
"../../../../../../Users/GWD_00/Documents/GitHub/FinalAlphaBuild/Content/Menus/Main_Menu/Main_Menu_Widget.uasset" 431
"../../../../../../Users/GWD_00/Documents/GitHub/FinalAlphaBuild/Content/Menus/Main_Menu/Main_Menu.umap" 432
"../../../Engine/Content/Maps/Entry_BuiltData.uasset" 433
"../../../Engine/Content/Maps/Entry.umap" 434
